<?xml version="1.0" encoding="utf-8"?><testsuites name="pytest tests"><testsuite name="pytest" errors="0" failures="0" skipped="0" tests="66" time="20.723" timestamp="2026-09-17T22:45:30.619920+05:30" hostname="DESKTOP-CGI15MQ"><testcase classname="tests.test_day2_tools" name="test_every_tool_is_described[list_open_drives]" time="0.004" /><testcase classname="tests.test_day2_tools" name="test_every_tool_is_described[get_student]" time="0.003" /><testcase classname="tests.test_day2_tools" name="test_every_tool_is_described[check_eligibility]" time="0.002" /><testcase classname="tests.test_day2_tools" name="test_every_tool_is_described[list_my_applications]" time="0.001" /><testcase classname="tests.test_day2_tools" name="test_every_tool_is_described[apply_to_drive]" time="0.001" /><testcase classname="tests.test_day2_tools" name="test_every_tool_is_described[book_interview_slot]" time="0.005" /><testcase classname="tests.test_day2_tools" name="test_every_tool_is_described[notify_student]" time="0.003" /><testcase classname="tests.test_day2_tools" name="test_open_drives" time="0.030" /><testcase classname="tests.test_day2_tools" name="test_student" time="0.004" /><testcase classname="tests.test_day2_tools" name="test_eligibility[22CS045-1-failed_ids0]" time="0.010" /><testcase classname="tests.test_day2_tools" name="test_eligibility[22IT017-1-failed_ids1]" time="0.005" /><testcase classname="tests.test_day2_tools" name="test_eligibility[22ME008-1-failed_ids2]" time="0.010" /><testcase classname="tests.test_day2_tools" name="test_apply_checks_still_run_in_order" time="0.004" /><testcase classname="tests.test_day2_tools" name="test_booking_needs_an_application" time="0.009" /><testcase classname="tests.test_day2_tools" name="test_my_applications" time="0.006" /><testcase classname="tests.test_lab1_cancel" name="test_cancelling_a_queued_run_is_immediate" time="0.011" /><testcase classname="tests.test_lab1_cancel" name="test_unknown_and_finished_runs" time="0.023" /><testcase classname="tests.test_lab1_cancel" name="test_a_running_run_finishes_its_current_tool_then_stops" time="0.017" /><testcase classname="tests.test_lab1_cancel" name="test_mark_cancelled_only_for_the_owner" time="0.004" /><testcase classname="tests.test_lab2_dead_letter" name="test_retryable_failure_goes_back_to_the_queue_with_backoff" time="0.010" /><testcase classname="tests.test_lab2_dead_letter" name="test_backoff_doubles[1-2.0]" time="0.005" /><testcase classname="tests.test_lab2_dead_letter" name="test_backoff_doubles[2-4.0]" time="0.006" /><testcase classname="tests.test_lab2_dead_letter" name="test_non_retryable_failure_is_final" time="0.011" /><testcase classname="tests.test_lab2_dead_letter" name="test_only_the_owner_can_fail_an_attempt" time="0.005" /><testcase classname="tests.test_lab2_dead_letter" name="test_a_poison_run_is_dead_lettered" time="0.015" /><testcase classname="tests.test_lab2_dead_letter" name="test_a_healthy_run_after_a_blip_succeeds" time="0.015" /><testcase classname="tests.test_lab3_race" name="test_two_workers_two_runs_one_slot" time="1.931" /><testcase classname="tests.test_lab3_race" name="test_truly_concurrent_claims_have_one_winner" time="2.509" /><testcase classname="tests.test_lab4_crash" name="test_crash_drill_passes" time="13.767" /><testcase classname="tests.test_part1_queue" name="test_enqueue_saves_message_and_queued_run" time="0.011" /><testcase classname="tests.test_part1_queue" name="test_enqueue_is_all_or_nothing" time="0.013" /><testcase classname="tests.test_part1_queue" name="test_claim_takes_the_oldest_and_leases_it" time="0.010" /><testcase classname="tests.test_part1_queue" name="test_nothing_to_claim" time="0.006" /><testcase classname="tests.test_part1_queue" name="test_a_claimed_run_is_not_claimed_again" time="0.013" /><testcase classname="tests.test_part1_queue" name="test_runs_that_are_not_available_yet_wait" time="0.011" /><testcase classname="tests.test_part1_queue" name="test_two_workers_on_separate_connections_never_share_a_run" time="0.612" /><testcase classname="tests.test_part1_queue" name="test_heartbeat_extends_the_lease" time="0.005" /><testcase classname="tests.test_part1_queue" name="test_heartbeat_fails_for_a_worker_that_does_not_own_the_run" time="0.010" /><testcase classname="tests.test_part1_queue" name="test_expired_lease_goes_back_to_the_queue" time="0.005" /><testcase classname="tests.test_part1_queue" name="test_live_leases_are_left_alone" time="0.007" /><testcase classname="tests.test_part1_queue" name="test_a_run_that_keeps_killing_workers_is_dead_lettered" time="0.012" /><testcase classname="tests.test_part1_queue" name="test_worker_runs_a_queued_question" time="0.029" /><testcase classname="tests.test_part1_queue" name="test_a_worker_that_lost_its_lease_writes_nothing_more" time="0.007" /><testcase classname="tests.test_part2_idempotency" name="test_key_order_does_not_matter" time="0.003" /><testcase classname="tests.test_part2_idempotency" name="test_whole_floats_are_integers" time="0.001" /><testcase classname="tests.test_part2_idempotency" name="test_nested_values_are_normalised_too" time="0.001" /><testcase classname="tests.test_part2_idempotency" name="test_same_call_same_key" time="0.001" /><testcase classname="tests.test_part2_idempotency" name="test_any_difference_changes_the_key[change0]" time="0.004" /><testcase classname="tests.test_part2_idempotency" name="test_any_difference_changes_the_key[change1]" time="0.002" /><testcase classname="tests.test_part2_idempotency" name="test_any_difference_changes_the_key[change2]" time="0.002" /><testcase classname="tests.test_part2_idempotency" name="test_any_difference_changes_the_key[change3]" time="0.002" /><testcase classname="tests.test_part2_idempotency" name="test_once_runs_the_effect_once" time="0.009" /><testcase classname="tests.test_part2_idempotency" name="test_a_failed_effect_leaves_no_trace" time="0.004" /><testcase classname="tests.test_part2_idempotency" name="test_replay_after_a_crash_does_not_repeat_the_side_effect" time="0.016" /><testcase classname="tests.test_part2_idempotency" name="test_recorded_calls_match_stored_idempotency_rows" time="0.023" /><testcase classname="tests.test_part3_safe_writes" name="test_duplicate_application_returns_the_same_one" time="0.004" /><testcase classname="tests.test_part3_safe_writes" name="test_applying_twice_is_not_an_error" time="0.008" /><testcase classname="tests.test_part3_safe_writes" name="test_claim_needs_the_version_you_read" time="0.004" /><testcase classname="tests.test_part3_safe_writes" name="test_stale_version_loses_even_if_the_slot_is_free_again" time="0.005" /><testcase classname="tests.test_part3_safe_writes" name="test_booking_the_same_slot_twice_is_not_an_error" time="0.005" /><testcase classname="tests.test_part3_safe_writes" name="test_losing_the_race_is_a_normal_outcome" time="0.008" /><testcase classname="tests.test_part3_safe_writes" name="test_dedupe_key_ignores_spacing_but_not_the_day" time="0.002" /><testcase classname="tests.test_part3_safe_writes" name="test_record_notification_dedupes" time="0.004" /><testcase classname="tests.test_part3_safe_writes" name="test_the_same_message_twice_is_sent_once" time="0.008" /><testcase classname="tests.test_part3_safe_writes" name="test_asking_twice_still_gives_one_of_each" time="0.019" /><testcase classname="tests.test_part3_safe_writes" name="test_two_connections_race_for_one_slot" time="0.350" /></testsuite></testsuites>